2025-06-06 23:59:55,948 - INFO - Gider silindi - ID: 5
2025-06-07 00:01:38,087 - INFO - Giris basarili - Kullanici: admin
2025-06-07 00:01:57,513 - WARNING - Giris basarisiz - Kullanici: dene 
2025-06-07 00:02:03,076 - INFO - Giris basarili - Kullanici: admin
2025-06-07 00:21:32,053 - INFO - Giris basarili - Kullanici: admin
2025-06-07 00:32:03,659 - INFO - generated new fontManager
2025-06-07 00:33:36,793 - INFO - Giris basarili - Kullanici: admin
2025-06-07 00:33:38,432 - INFO - Using categorical units to plot a list of strings that are all parsable as floats or dates. If these strings should be plotted as numbers, cast to the appropriate data type before plotting.
2025-06-07 00:33:38,433 - INFO - Using categorical units to plot a list of strings that are all parsable as floats or dates. If these strings should be plotted as numbers, cast to the appropriate data type before plotting.
2025-06-07 00:34:49,669 - INFO - Giris basarili - Kullanici: admin 
2025-06-07 00:35:01,011 - INFO - Using categorical units to plot a list of strings that are all parsable as floats or dates. If these strings should be plotted as numbers, cast to the appropriate data type before plotting.
2025-06-07 00:35:01,011 - INFO - Using categorical units to plot a list of strings that are all parsable as floats or dates. If these strings should be plotted as numbers, cast to the appropriate data type before plotting.
2025-06-07 00:35:12,418 - INFO - Using categorical units to plot a list of strings that are all parsable as floats or dates. If these strings should be plotted as numbers, cast to the appropriate data type before plotting.
2025-06-07 00:35:12,419 - INFO - Using categorical units to plot a list of strings that are all parsable as floats or dates. If these strings should be plotted as numbers, cast to the appropriate data type before plotting.
2025-06-07 00:37:25,840 - INFO - Giris basarili - Kullanici: admin
2025-06-07 00:37:27,658 - INFO - Using categorical units to plot a list of strings that are all parsable as floats or dates. If these strings should be plotted as numbers, cast to the appropriate data type before plotting.
2025-06-07 00:37:27,658 - INFO - Using categorical units to plot a list of strings that are all parsable as floats or dates. If these strings should be plotted as numbers, cast to the appropriate data type before plotting.
2025-06-07 00:56:49,598 - INFO - Giris basarili - Kullanici: admin
2025-06-07 00:56:52,351 - INFO - Using categorical units to plot a list of strings that are all parsable as floats or dates. If these strings should be plotted as numbers, cast to the appropriate data type before plotting.
2025-06-07 00:56:52,351 - INFO - Using categorical units to plot a list of strings that are all parsable as floats or dates. If these strings should be plotted as numbers, cast to the appropriate data type before plotting.
2025-06-07 00:56:57,347 - INFO - Using categorical units to plot a list of strings that are all parsable as floats or dates. If these strings should be plotted as numbers, cast to the appropriate data type before plotting.
2025-06-07 00:56:57,347 - INFO - Using categorical units to plot a list of strings that are all parsable as floats or dates. If these strings should be plotted as numbers, cast to the appropriate data type before plotting.
2025-06-07 01:01:36,512 - INFO - Giris basarili - Kullanici: admin
2025-06-07 01:01:43,150 - INFO - Using categorical units to plot a list of strings that are all parsable as floats or dates. If these strings should be plotted as numbers, cast to the appropriate data type before plotting.
2025-06-07 01:01:43,151 - INFO - Using categorical units to plot a list of strings that are all parsable as floats or dates. If these strings should be plotted as numbers, cast to the appropriate data type before plotting.
2025-06-07 01:03:35,541 - INFO - Gider eklendi - Odeme Turu ID: 12, Kalem ID: 23, Hesap ID: 27, Tutar: 7000.0, Tarih: 2025-06-07, Aciklama: TelsizTelsiz
2025-06-07 01:03:46,085 - INFO - Gider guncellendi - ID: 20, Yeni Tutar: 8000.0, Tarih: 2025-06-07, Aciklama: TelsizTelsiz
2025-06-07 01:04:03,652 - INFO - Using categorical units to plot a list of strings that are all parsable as floats or dates. If these strings should be plotted as numbers, cast to the appropriate data type before plotting.
2025-06-07 01:04:03,653 - INFO - Using categorical units to plot a list of strings that are all parsable as floats or dates. If these strings should be plotted as numbers, cast to the appropriate data type before plotting.
2025-06-07 01:04:58,727 - INFO - Gider eklendi - Odeme Turu ID: 12, Kalem ID: 23, Hesap ID: 27, Tutar: 500000.0, Tarih: 2025-04-11, Aciklama: ss
2025-06-07 01:05:00,870 - INFO - Using categorical units to plot a list of strings that are all parsable as floats or dates. If these strings should be plotted as numbers, cast to the appropriate data type before plotting.
2025-06-07 01:05:00,871 - INFO - Using categorical units to plot a list of strings that are all parsable as floats or dates. If these strings should be plotted as numbers, cast to the appropriate data type before plotting.
2025-06-07 01:05:15,062 - INFO - Gider silindi - ID: 21
2025-06-07 01:05:24,275 - INFO - Using categorical units to plot a list of strings that are all parsable as floats or dates. If these strings should be plotted as numbers, cast to the appropriate data type before plotting.
2025-06-07 01:05:24,275 - INFO - Using categorical units to plot a list of strings that are all parsable as floats or dates. If these strings should be plotted as numbers, cast to the appropriate data type before plotting.
2025-06-07 01:08:34,564 - INFO - Giris basarili - Kullanici: admin
